<?xml version="1.0" encoding="UTF-8"?>
<coverage generated="1587720738121" clover="3.2.0">
  <project timestamp="1587720738121" name="All files">
    <metrics statements="32" coveredstatements="31" conditionals="17" coveredconditionals="4" methods="2" coveredmethods="2" elements="51" coveredelements="37" complexity="0" loc="32" ncloc="32" packages="2" files="5" classes="5"/>
    <package name="src">
      <metrics statements="1" coveredstatements="1" conditionals="0" coveredconditionals="0" methods="0" coveredmethods="0"/>
      <file name="store.js" path="C:\Users\georg\Dev\svelte-timer\src\store.js">
        <metrics statements="1" coveredstatements="1" conditionals="0" coveredconditionals="0" methods="0" coveredmethods="0"/>
        <line num="3" count="2" type="stmt"/>
      </file>
    </package>
    <package name="src.components">
      <metrics statements="31" coveredstatements="30" conditionals="17" coveredconditionals="4" methods="2" coveredmethods="2"/>
      <file name="Button.svelte" path="C:\Users\georg\Dev\svelte-timer\src\components\Button.svelte">
        <metrics statements="9" coveredstatements="8" conditionals="7" coveredconditionals="0" methods="1" coveredmethods="1"/>
        <line num="2" count="4" type="stmt"/>
        <line num="3" count="4" type="stmt"/>
        <line num="4" count="4" type="cond" truecount="0" falsecount="1"/>
        <line num="6" count="1" type="stmt"/>
        <line num="9" count="4" type="stmt"/>
        <line num="82" count="0" type="cond" truecount="0" falsecount="2"/>
        <line num="83" count="4" type="cond" truecount="0" falsecount="2"/>
        <line num="84" count="4" type="stmt"/>
        <line num="85" count="4" type="cond" truecount="0" falsecount="2"/>
      </file>
      <file name="Display.svelte" path="C:\Users\georg\Dev\svelte-timer\src\components\Display.svelte">
        <metrics statements="8" coveredstatements="8" conditionals="5" coveredconditionals="0" methods="1" coveredmethods="1"/>
        <line num="2" count="3" type="stmt"/>
        <line num="3" count="3" type="stmt"/>
        <line num="4" count="3" type="cond" truecount="0" falsecount="1"/>
        <line num="6" count="1" type="stmt"/>
        <line num="9" count="3" type="stmt"/>
        <line num="59" count="3" type="stmt"/>
        <line num="61" count="3" type="cond" truecount="0" falsecount="2"/>
        <line num="65" count="3" type="cond" truecount="0" falsecount="2"/>
      </file>
      <file name="Form.svelte" path="C:\Users\georg\Dev\svelte-timer\src\components\Form.svelte">
        <metrics statements="7" coveredstatements="7" conditionals="2" coveredconditionals="2" methods="0" coveredmethods="0"/>
        <line num="2" count="1" type="stmt"/>
        <line num="4" count="4" type="stmt"/>
        <line num="8" count="1" type="stmt"/>
        <line num="34" count="4" type="stmt"/>
        <line num="35" count="4" type="stmt"/>
        <line num="36" count="8" type="stmt"/>
        <line num="37" count="8" type="stmt"/>
      </file>
      <file name="Input.svelte" path="C:\Users\georg\Dev\svelte-timer\src\components\Input.svelte">
        <metrics statements="7" coveredstatements="7" conditionals="3" coveredconditionals="2" methods="0" coveredmethods="0"/>
        <line num="2" count="10" type="stmt"/>
        <line num="3" count="10" type="stmt"/>
        <line num="4" count="10" type="cond" truecount="1" falsecount="0"/>
        <line num="5" count="10" type="stmt"/>
        <line num="8" count="2" type="stmt"/>
        <line num="10" count="1" type="stmt"/>
        <line num="66" count="12" type="cond" truecount="1" falsecount="1"/>
      </file>
    </package>
  </project>
</coverage>
