<?xml version="1.0" encoding="UTF-8"?>
<coverage generated="1587784595756" clover="3.2.0">
  <project timestamp="1587784595756" name="All files">
    <metrics statements="51" coveredstatements="44" conditionals="40" coveredconditionals="11" methods="5" coveredmethods="5" elements="96" coveredelements="60" complexity="0" loc="51" ncloc="51" packages="2" files="6" classes="6"/>
    <package name="src">
      <metrics statements="3" coveredstatements="3" conditionals="0" coveredconditionals="0" methods="0" coveredmethods="0"/>
      <file name="store.js" path="C:\Users\georg\Dev\svelte-timer\src\store.js">
        <metrics statements="3" coveredstatements="3" conditionals="0" coveredconditionals="0" methods="0" coveredmethods="0"/>
        <line num="3" count="4" type="stmt"/>
        <line num="4" count="4" type="stmt"/>
        <line num="5" count="4" type="stmt"/>
      </file>
    </package>
    <package name="src.components">
      <metrics statements="48" coveredstatements="41" conditionals="40" coveredconditionals="11" methods="5" coveredmethods="5"/>
      <file name="Button.svelte" path="C:\Users\georg\Dev\svelte-timer\src\components\Button.svelte">
        <metrics statements="9" coveredstatements="8" conditionals="7" coveredconditionals="0" methods="1" coveredmethods="1"/>
        <line num="2" count="11" type="stmt"/>
        <line num="3" count="11" type="stmt"/>
        <line num="4" count="11" type="cond" truecount="0" falsecount="1"/>
        <line num="6" count="2" type="stmt"/>
        <line num="9" count="11" type="stmt"/>
        <line num="83" count="0" type="cond" truecount="0" falsecount="2"/>
        <line num="84" count="11" type="cond" truecount="0" falsecount="2"/>
        <line num="85" count="11" type="stmt"/>
        <line num="86" count="11" type="cond" truecount="0" falsecount="2"/>
      </file>
      <file name="ButtonContainer.svelte" path="C:\Users\georg\Dev\svelte-timer\src\components\ButtonContainer.svelte">
        <metrics statements="9" coveredstatements="6" conditionals="18" coveredconditionals="7" methods="1" coveredmethods="1"/>
        <line num="2" count="1" type="stmt"/>
        <line num="3" count="1" type="stmt"/>
        <line num="5" count="4" type="stmt"/>
        <line num="8" count="4" type="stmt"/>
        <line num="18" count="4" type="cond" truecount="3" falsecount="2"/>
        <line num="19" count="0" type="cond" truecount="0" falsecount="2"/>
        <line num="21" count="4" type="cond" truecount="4" falsecount="3"/>
        <line num="22" count="0" type="cond" truecount="0" falsecount="2"/>
        <line num="24" count="0" type="cond" truecount="0" falsecount="2"/>
      </file>
      <file name="Display.svelte" path="C:\Users\georg\Dev\svelte-timer\src\components\Display.svelte">
        <metrics statements="8" coveredstatements="8" conditionals="8" coveredconditionals="0" methods="1" coveredmethods="1"/>
        <line num="2" count="1" type="stmt"/>
        <line num="3" count="1" type="stmt"/>
        <line num="4" count="1" type="stmt"/>
        <line num="6" count="2" type="stmt"/>
        <line num="9" count="2" type="stmt"/>
        <line num="41" count="2" type="stmt"/>
        <line num="44" count="2" type="cond" truecount="0" falsecount="4"/>
        <line num="48" count="2" type="cond" truecount="0" falsecount="4"/>
      </file>
      <file name="Form.svelte" path="C:\Users\georg\Dev\svelte-timer\src\components\Form.svelte">
        <metrics statements="13" coveredstatements="11" conditionals="2" coveredconditionals="2" methods="2" coveredmethods="2"/>
        <line num="2" count="1" type="stmt"/>
        <line num="3" count="1" type="stmt"/>
        <line num="4" count="1" type="stmt"/>
        <line num="5" count="1" type="stmt"/>
        <line num="7" count="3" type="stmt"/>
        <line num="10" count="3" type="stmt"/>
        <line num="11" count="3" type="stmt"/>
        <line num="15" count="0" type="stmt"/>
        <line num="18" count="0" type="stmt"/>
        <line num="24" count="1" type="stmt"/>
        <line num="33" count="3" type="stmt"/>
        <line num="34" count="6" type="stmt"/>
        <line num="35" count="6" type="stmt"/>
      </file>
      <file name="Input.svelte" path="C:\Users\georg\Dev\svelte-timer\src\components\Input.svelte">
        <metrics statements="9" coveredstatements="8" conditionals="5" coveredconditionals="2" methods="0" coveredmethods="0"/>
        <line num="2" count="8" type="stmt"/>
        <line num="3" count="8" type="stmt"/>
        <line num="4" count="8" type="cond" truecount="1" falsecount="0"/>
        <line num="5" count="8" type="stmt"/>
        <line num="6" count="8" type="stmt"/>
        <line num="9" count="2" type="stmt"/>
        <line num="11" count="1" type="stmt"/>
        <line num="67" count="0" type="cond" truecount="0" falsecount="2"/>
        <line num="69" count="10" type="cond" truecount="1" falsecount="1"/>
      </file>
    </package>
  </project>
</coverage>
