{"C:\\Users\\georg\\Dev\\svelte-timer\\src\\store.js": {"path":"C:\\Users\\georg\\Dev\\svelte-timer\\src\\store.js","statementMap":{"0":{"start":{"line":3,"column":24},"end":{"line":3,"column":39}},"1":{"start":{"line":4,"column":27},"end":{"line":4,"column":41}},"2":{"start":{"line":5,"column":27},"end":{"line":5,"column":41}}},"fnMap":{},"branchMap":{},"s":{"0":4,"1":4,"2":4},"f":{},"b":{},"_coverageSchema":"1a1c01bbd47fc00a2c39e90264f33305004495a9","hash":"2020a15e0c4670e528c15a122de470898f20051a"}
,"C:\\Users\\georg\\Dev\\svelte-timer\\src\\components\\Button.svelte": {"path":"C:\\Users\\georg\\Dev\\svelte-timer\\src\\components\\Button.svelte","statementMap":{"0":{"start":{"line":6,"column":19},"end":{"line":6,"column":null}},"1":{"start":{"line":86,"column":22},"end":{"line":86,"column":null}},"2":{"start":{"line":84,"column":17},"end":{"line":84,"column":null}},"3":{"start":{"line":85,"column":17},"end":{"line":85,"column":null}},"4":{"start":{"line":83,"column":12},"end":{"line":83,"column":null}},"5":{"start":{"line":2,"column":18},"end":{"line":2,"column":null}},"6":{"start":{"line":3,"column":11},"end":{"line":3,"column":null}},"7":{"start":{"line":4,"column":18},"end":{"line":4,"column":null}},"8":{"start":{"line":9,"column":20},"end":{"line":9,"column":null}},"9":{"start":{"line":9,"column":44},"end":{"line":9,"column":null}}},"fnMap":{"0":{"name":"(anonymous_9)","decl":{"start":{"line":9,"column":39},"end":{"line":9,"column":44}},"loc":{"start":{"line":9,"column":44},"end":{"line":9,"column":null}}}},"branchMap":{"0":{"loc":{"start":{"line":83,"column":12},"end":{"line":83,"column":null}},"type":"if","locations":[{"start":{"line":83,"column":12},"end":{"line":83,"column":null}},{"start":{"line":83,"column":12},"end":{"line":83,"column":null}}]},"1":{"loc":{"start":{"line":86,"column":22},"end":{"line":86,"column":null}},"type":"if","locations":[{"start":{"line":86,"column":22},"end":{"line":86,"column":null}},{"start":{"line":86,"column":22},"end":{"line":86,"column":null}}]},"2":{"loc":{"start":{"line":84,"column":17},"end":{"line":84,"column":26}},"type":"binary-expr","locations":[{"start":{"line":84,"column":17},"end":{"line":84,"column":26}},{"start":{"line":84,"column":17},"end":{"line":84,"column":null}}]},"3":{"loc":{"start":{"line":4,"column":16},"end":{"line":4,"column":18}},"type":"default-arg","locations":[{"start":{"line":4,"column":16},"end":{"line":4,"column":18}}]}},"s":{"0":2,"1":11,"2":11,"3":11,"4":0,"5":11,"6":11,"7":11,"8":11,"9":5},"f":{"0":5},"b":{"0":[0,0],"1":[0,0],"2":[0,0],"3":[0]}}
,"C:\\Users\\georg\\Dev\\svelte-timer\\src\\components\\ButtonContainer.svelte": {"path":"C:\\Users\\georg\\Dev\\svelte-timer\\src\\components\\ButtonContainer.svelte","statementMap":{"0":{"start":{"line":2,"column":15},"end":{"line":2,"column":null}},"1":{"start":{"line":3,"column":19},"end":{"line":3,"column":null}},"2":{"start":{"line":19,"column":60},"end":{"line":19,"column":null}},"3":{"start":{"line":22,"column":60},"end":{"line":22,"column":null}},"4":{"start":{"line":18,"column":8},"end":{"line":18,"column":null}},"5":{"start":{"line":21,"column":7},"end":{"line":21,"column":null}},"6":{"start":{"line":24,"column":58},"end":{"line":24,"column":null}},"7":{"start":{"line":5,"column":20},"end":{"line":5,"column":22}},"8":{"start":{"line":5,"column":28},"end":{"line":5,"column":30}},"9":{"start":{"line":5,"column":40},"end":{"line":5,"column":42}},"10":{"start":{"line":5,"column":52},"end":{"line":5,"column":54}},"11":{"start":{"line":5,"column":64},"end":{"line":5,"column":null}},"12":{"start":{"line":8,"column":2},"end":{"line":8,"column":null}},"13":{"start":{"line":8,"column":26},"end":{"line":8,"column":null}}},"fnMap":{"0":{"name":"(anonymous_26)","decl":{"start":{"line":8,"column":21},"end":{"line":8,"column":26}},"loc":{"start":{"line":8,"column":26},"end":{"line":8,"column":null}}}},"branchMap":{"0":{"loc":{"start":{"line":19,"column":60},"end":{"line":19,"column":null}},"type":"if","locations":[{"start":{"line":19,"column":60},"end":{"line":19,"column":null}},{"start":{"line":19,"column":60},"end":{"line":19,"column":null}}]},"1":{"loc":{"start":{"line":22,"column":60},"end":{"line":22,"column":null}},"type":"if","locations":[{"start":{"line":22,"column":60},"end":{"line":22,"column":null}},{"start":{"line":22,"column":60},"end":{"line":22,"column":null}}]},"2":{"loc":{"start":{"line":18,"column":8},"end":{"line":18,"column":19}},"type":"binary-expr","locations":[{"start":{"line":18,"column":8},"end":{"line":18,"column":19}},{"start":{"line":18,"column":19},"end":{"line":18,"column":null}},{"start":{"line":18,"column":25},"end":{"line":18,"column":null}}]},"3":{"loc":{"start":{"line":21,"column":7},"end":{"line":21,"column":19}},"type":"binary-expr","locations":[{"start":{"line":21,"column":7},"end":{"line":21,"column":19}},{"start":{"line":21,"column":14},"end":{"line":21,"column":30}},{"start":{"line":21,"column":25},"end":{"line":21,"column":null}},{"start":{"line":21,"column":40},"end":{"line":21,"column":null}}]},"4":{"loc":{"start":{"line":18,"column":8},"end":{"line":18,"column":19}},"type":"binary-expr","locations":[{"start":{"line":18,"column":8},"end":{"line":18,"column":19}},{"start":{"line":18,"column":19},"end":{"line":18,"column":null}}]},"5":{"loc":{"start":{"line":21,"column":7},"end":{"line":21,"column":19}},"type":"binary-expr","locations":[{"start":{"line":21,"column":7},"end":{"line":21,"column":19}},{"start":{"line":21,"column":14},"end":{"line":21,"column":30}},{"start":{"line":21,"column":25},"end":{"line":21,"column":null}}]},"6":{"loc":{"start":{"line":24,"column":58},"end":{"line":24,"column":null}},"type":"if","locations":[{"start":{"line":24,"column":58},"end":{"line":24,"column":null}},{"start":{"line":24,"column":58},"end":{"line":24,"column":null}}]}},"s":{"0":1,"1":1,"2":0,"3":0,"4":4,"5":4,"6":0,"7":4,"8":4,"9":4,"10":4,"11":4,"12":4,"13":1},"f":{"0":1},"b":{"0":[0,0],"1":[0,0],"2":[4,2,2],"3":[4,2,2,1],"4":[0,0],"5":[0,0,0],"6":[0,0]}}
,"C:\\Users\\georg\\Dev\\svelte-timer\\src\\components\\Display.svelte": {"path":"C:\\Users\\georg\\Dev\\svelte-timer\\src\\components\\Display.svelte","statementMap":{"0":{"start":{"line":2,"column":22},"end":{"line":2,"column":null}},"1":{"start":{"line":3,"column":19},"end":{"line":3,"column":null}},"2":{"start":{"line":4,"column":19},"end":{"line":4,"column":null}},"3":{"start":{"line":44,"column":45},"end":{"line":44,"column":null}},"4":{"start":{"line":48,"column":45},"end":{"line":48,"column":null}},"5":{"start":{"line":41,"column":17},"end":{"line":41,"column":null}},"6":{"start":{"line":6,"column":20},"end":{"line":6,"column":22}},"7":{"start":{"line":6,"column":29},"end":{"line":6,"column":null}},"8":{"start":{"line":9,"column":20},"end":{"line":9,"column":null}},"9":{"start":{"line":9,"column":44},"end":{"line":9,"column":null}}},"fnMap":{"0":{"name":"(anonymous_11)","decl":{"start":{"line":9,"column":39},"end":{"line":9,"column":44}},"loc":{"start":{"line":9,"column":44},"end":{"line":9,"column":null}}}},"branchMap":{"0":{"loc":{"start":{"line":44,"column":45},"end":{"line":44,"column":null}},"type":"if","locations":[{"start":{"line":44,"column":45},"end":{"line":44,"column":null}},{"start":{"line":44,"column":45},"end":{"line":44,"column":null}}]},"1":{"loc":{"start":{"line":44,"column":45},"end":{"line":44,"column":52}},"type":"binary-expr","locations":[{"start":{"line":44,"column":45},"end":{"line":44,"column":52}},{"start":{"line":44,"column":45},"end":{"line":44,"column":52}}]},"2":{"loc":{"start":{"line":48,"column":45},"end":{"line":48,"column":null}},"type":"if","locations":[{"start":{"line":48,"column":45},"end":{"line":48,"column":null}},{"start":{"line":48,"column":45},"end":{"line":48,"column":null}}]},"3":{"loc":{"start":{"line":48,"column":45},"end":{"line":48,"column":52}},"type":"binary-expr","locations":[{"start":{"line":48,"column":45},"end":{"line":48,"column":52}},{"start":{"line":48,"column":45},"end":{"line":48,"column":52}}]}},"s":{"0":1,"1":1,"2":1,"3":2,"4":2,"5":2,"6":2,"7":2,"8":2,"9":1},"f":{"0":1},"b":{"0":[0,0],"1":[0,0],"2":[0,0],"3":[0,0]}}
,"C:\\Users\\georg\\Dev\\svelte-timer\\src\\components\\Form.svelte": {"path":"C:\\Users\\georg\\Dev\\svelte-timer\\src\\components\\Form.svelte","statementMap":{"0":{"start":{"line":2,"column":16},"end":{"line":2,"column":null}},"1":{"start":{"line":3,"column":19},"end":{"line":3,"column":null}},"2":{"start":{"line":4,"column":14},"end":{"line":4,"column":null}},"3":{"start":{"line":5,"column":35},"end":{"line":5,"column":null}},"4":{"start":{"line":34,"column":50},"end":{"line":34,"column":null}},"5":{"start":{"line":35,"column":50},"end":{"line":35,"column":null}},"6":{"start":{"line":33,"column":14},"end":{"line":33,"column":null}},"7":{"start":{"line":15,"column":6},"end":{"line":15,"column":null}},"8":{"start":{"line":18,"column":6},"end":{"line":18,"column":null}},"9":{"start":{"line":7,"column":20},"end":{"line":7,"column":22}},"10":{"start":{"line":7,"column":34},"end":{"line":7,"column":null}},"11":{"start":{"line":10,"column":2},"end":{"line":10,"column":null}},"12":{"start":{"line":10,"column":29},"end":{"line":10,"column":null}},"13":{"start":{"line":11,"column":2},"end":{"line":11,"column":null}},"14":{"start":{"line":11,"column":29},"end":{"line":11,"column":null}},"15":{"start":{"line":24,"column":6},"end":{"line":24,"column":null}}},"fnMap":{"0":{"name":"(anonymous_17)","decl":{"start":{"line":10,"column":24},"end":{"line":10,"column":29}},"loc":{"start":{"line":10,"column":29},"end":{"line":10,"column":null}}},"1":{"name":"(anonymous_18)","decl":{"start":{"line":11,"column":24},"end":{"line":11,"column":29}},"loc":{"start":{"line":11,"column":29},"end":{"line":11,"column":null}}}},"branchMap":{"0":{"loc":{"start":{"line":23,"column":8},"end":{"line":23,"column":28}},"type":"binary-expr","locations":[{"start":{"line":23,"column":8},"end":{"line":23,"column":28}},{"start":{"line":23,"column":32},"end":{"line":23,"column":44}}]}},"s":{"0":1,"1":1,"2":1,"3":1,"4":6,"5":6,"6":3,"7":0,"8":0,"9":3,"10":3,"11":3,"12":3,"13":3,"14":3,"15":1},"f":{"0":3,"1":3},"b":{"0":[2,2]}}
,"C:\\Users\\georg\\Dev\\svelte-timer\\src\\components\\Input.svelte": {"path":"C:\\Users\\georg\\Dev\\svelte-timer\\src\\components\\Input.svelte","statementMap":{"0":{"start":{"line":69,"column":33},"end":{"line":69,"column":null}},"1":{"start":{"line":69,"column":14},"end":{"line":69,"column":33}},"2":{"start":{"line":67,"column":15},"end":{"line":67,"column":null}},"3":{"start":{"line":9,"column":16},"end":{"line":9,"column":34}},"4":{"start":{"line":11,"column":6},"end":{"line":11,"column":null}},"5":{"start":{"line":2,"column":18},"end":{"line":2,"column":null}},"6":{"start":{"line":3,"column":6},"end":{"line":3,"column":null}},"7":{"start":{"line":4,"column":22},"end":{"line":4,"column":null}},"8":{"start":{"line":5,"column":9},"end":{"line":5,"column":null}},"9":{"start":{"line":6,"column":12},"end":{"line":6,"column":null}}},"fnMap":{},"branchMap":{"0":{"loc":{"start":{"line":67,"column":15},"end":{"line":67,"column":null}},"type":"if","locations":[{"start":{"line":67,"column":15},"end":{"line":67,"column":null}},{"start":{"line":67,"column":15},"end":{"line":67,"column":null}}]},"1":{"loc":{"start":{"line":69,"column":33},"end":{"line":69,"column":null}},"type":"if","locations":[{"start":{"line":69,"column":33},"end":{"line":69,"column":null}},{"start":{"line":69,"column":33},"end":{"line":69,"column":null}}]},"2":{"loc":{"start":{"line":4,"column":18},"end":{"line":4,"column":22}},"type":"default-arg","locations":[{"start":{"line":4,"column":18},"end":{"line":4,"column":22}}]}},"s":{"0":10,"1":8,"2":0,"3":2,"4":1,"5":8,"6":8,"7":8,"8":8,"9":8},"f":{},"b":{"0":[0,0],"1":[0,2],"2":[8]}}
}
