{"C:\\Users\\georg\\Dev\\svelte-timer\\src\\store.js": {"path":"C:\\Users\\georg\\Dev\\svelte-timer\\src\\store.js","statementMap":{"0":{"start":{"line":3,"column":24},"end":{"line":3,"column":39}}},"fnMap":{},"branchMap":{},"s":{"0":2},"f":{},"b":{},"_coverageSchema":"1a1c01bbd47fc00a2c39e90264f33305004495a9","hash":"f583ec63cdf9bee221668922de56db2fa04bace9"}
,"C:\\Users\\georg\\Dev\\svelte-timer\\src\\components\\Button.svelte": {"path":"C:\\Users\\georg\\Dev\\svelte-timer\\src\\components\\Button.svelte","statementMap":{"0":{"start":{"line":6,"column":19},"end":{"line":6,"column":null}},"1":{"start":{"line":85,"column":22},"end":{"line":85,"column":null}},"2":{"start":{"line":83,"column":17},"end":{"line":83,"column":null}},"3":{"start":{"line":84,"column":17},"end":{"line":84,"column":null}},"4":{"start":{"line":82,"column":12},"end":{"line":82,"column":null}},"5":{"start":{"line":2,"column":18},"end":{"line":2,"column":null}},"6":{"start":{"line":3,"column":11},"end":{"line":3,"column":null}},"7":{"start":{"line":4,"column":18},"end":{"line":4,"column":null}},"8":{"start":{"line":9,"column":20},"end":{"line":9,"column":null}},"9":{"start":{"line":9,"column":44},"end":{"line":9,"column":null}}},"fnMap":{"0":{"name":"(anonymous_9)","decl":{"start":{"line":9,"column":39},"end":{"line":9,"column":44}},"loc":{"start":{"line":9,"column":44},"end":{"line":9,"column":null}}}},"branchMap":{"0":{"loc":{"start":{"line":82,"column":12},"end":{"line":82,"column":null}},"type":"if","locations":[{"start":{"line":82,"column":12},"end":{"line":82,"column":null}},{"start":{"line":82,"column":12},"end":{"line":82,"column":null}}]},"1":{"loc":{"start":{"line":85,"column":22},"end":{"line":85,"column":null}},"type":"if","locations":[{"start":{"line":85,"column":22},"end":{"line":85,"column":null}},{"start":{"line":85,"column":22},"end":{"line":85,"column":null}}]},"2":{"loc":{"start":{"line":83,"column":17},"end":{"line":83,"column":26}},"type":"binary-expr","locations":[{"start":{"line":83,"column":17},"end":{"line":83,"column":26}},{"start":{"line":83,"column":17},"end":{"line":83,"column":null}}]},"3":{"loc":{"start":{"line":4,"column":16},"end":{"line":4,"column":18}},"type":"default-arg","locations":[{"start":{"line":4,"column":16},"end":{"line":4,"column":18}}]}},"s":{"0":1,"1":4,"2":4,"3":4,"4":0,"5":4,"6":4,"7":4,"8":4,"9":4},"f":{"0":4},"b":{"0":[0,0],"1":[0,0],"2":[0,0],"3":[0]}}
,"C:\\Users\\georg\\Dev\\svelte-timer\\src\\components\\Display.svelte": {"path":"C:\\Users\\georg\\Dev\\svelte-timer\\src\\components\\Display.svelte","statementMap":{"0":{"start":{"line":6,"column":19},"end":{"line":6,"column":null}},"1":{"start":{"line":61,"column":25},"end":{"line":61,"column":null}},"2":{"start":{"line":65,"column":25},"end":{"line":65,"column":null}},"3":{"start":{"line":59,"column":38},"end":{"line":59,"column":64}},"4":{"start":{"line":59,"column":64},"end":{"line":59,"column":null}},"5":{"start":{"line":2,"column":20},"end":{"line":2,"column":null}},"6":{"start":{"line":3,"column":11},"end":{"line":3,"column":null}},"7":{"start":{"line":4,"column":21},"end":{"line":4,"column":null}},"8":{"start":{"line":9,"column":20},"end":{"line":9,"column":null}},"9":{"start":{"line":9,"column":44},"end":{"line":9,"column":null}}},"fnMap":{"0":{"name":"(anonymous_8)","decl":{"start":{"line":9,"column":39},"end":{"line":9,"column":44}},"loc":{"start":{"line":9,"column":44},"end":{"line":9,"column":null}}}},"branchMap":{"0":{"loc":{"start":{"line":61,"column":25},"end":{"line":61,"column":null}},"type":"if","locations":[{"start":{"line":61,"column":25},"end":{"line":61,"column":null}},{"start":{"line":61,"column":25},"end":{"line":61,"column":null}}]},"1":{"loc":{"start":{"line":65,"column":25},"end":{"line":65,"column":null}},"type":"if","locations":[{"start":{"line":65,"column":25},"end":{"line":65,"column":null}},{"start":{"line":65,"column":25},"end":{"line":65,"column":null}}]},"2":{"loc":{"start":{"line":4,"column":16},"end":{"line":4,"column":21}},"type":"default-arg","locations":[{"start":{"line":4,"column":16},"end":{"line":4,"column":21}}]}},"s":{"0":1,"1":3,"2":3,"3":3,"4":3,"5":3,"6":3,"7":3,"8":3,"9":1},"f":{"0":1},"b":{"0":[0,0],"1":[0,0],"2":[0]}}
,"C:\\Users\\georg\\Dev\\svelte-timer\\src\\components\\Form.svelte": {"path":"C:\\Users\\georg\\Dev\\svelte-timer\\src\\components\\Form.svelte","statementMap":{"0":{"start":{"line":2,"column":14},"end":{"line":2,"column":null}},"1":{"start":{"line":36,"column":50},"end":{"line":36,"column":null}},"2":{"start":{"line":37,"column":50},"end":{"line":37,"column":null}},"3":{"start":{"line":34,"column":20},"end":{"line":34,"column":null}},"4":{"start":{"line":35,"column":14},"end":{"line":35,"column":null}},"5":{"start":{"line":4,"column":20},"end":{"line":4,"column":22}},"6":{"start":{"line":4,"column":29},"end":{"line":4,"column":31}},"7":{"start":{"line":4,"column":40},"end":{"line":4,"column":42}},"8":{"start":{"line":4,"column":49},"end":{"line":4,"column":51}},"9":{"start":{"line":4,"column":63},"end":{"line":4,"column":null}},"10":{"start":{"line":8,"column":6},"end":{"line":8,"column":null}}},"fnMap":{},"branchMap":{"0":{"loc":{"start":{"line":7,"column":8},"end":{"line":7,"column":28}},"type":"binary-expr","locations":[{"start":{"line":7,"column":8},"end":{"line":7,"column":28}},{"start":{"line":7,"column":32},"end":{"line":7,"column":44}}]}},"s":{"0":1,"1":8,"2":8,"3":4,"4":4,"5":4,"6":4,"7":4,"8":4,"9":4,"10":1},"f":{},"b":{"0":[2,2]}}
,"C:\\Users\\georg\\Dev\\svelte-timer\\src\\components\\Input.svelte": {"path":"C:\\Users\\georg\\Dev\\svelte-timer\\src\\components\\Input.svelte","statementMap":{"0":{"start":{"line":66,"column":33},"end":{"line":66,"column":null}},"1":{"start":{"line":66,"column":14},"end":{"line":66,"column":33}},"2":{"start":{"line":8,"column":16},"end":{"line":8,"column":34}},"3":{"start":{"line":10,"column":6},"end":{"line":10,"column":null}},"4":{"start":{"line":2,"column":18},"end":{"line":2,"column":null}},"5":{"start":{"line":3,"column":6},"end":{"line":3,"column":null}},"6":{"start":{"line":4,"column":22},"end":{"line":4,"column":null}},"7":{"start":{"line":5,"column":9},"end":{"line":5,"column":null}}},"fnMap":{},"branchMap":{"0":{"loc":{"start":{"line":66,"column":33},"end":{"line":66,"column":null}},"type":"if","locations":[{"start":{"line":66,"column":33},"end":{"line":66,"column":null}},{"start":{"line":66,"column":33},"end":{"line":66,"column":null}}]},"1":{"loc":{"start":{"line":4,"column":18},"end":{"line":4,"column":22}},"type":"default-arg","locations":[{"start":{"line":4,"column":18},"end":{"line":4,"column":22}}]}},"s":{"0":12,"1":10,"2":2,"3":1,"4":10,"5":10,"6":10,"7":10},"f":{},"b":{"0":[0,2],"1":[10]}}
}
