TN:
SF:src\store.js
FNF:0
FNH:0
DA:3,4
DA:4,4
DA:5,4
LF:3
LH:3
BRF:0
BRH:0
end_of_record
TN:
SF:src\components\Button.svelte
FN:9,(anonymous_9)
FNF:1
FNH:1
FNDA:5,(anonymous_9)
DA:2,11
DA:3,11
DA:4,11
DA:6,2
DA:9,11
DA:83,0
DA:84,11
DA:85,11
DA:86,11
LF:9
LH:8
BRDA:83,0,0,0
BRDA:83,0,1,0
BRDA:86,1,0,0
BRDA:86,1,1,0
BRDA:84,2,0,0
BRDA:84,2,1,0
BRDA:4,3,0,0
BRF:7
BRH:0
end_of_record
TN:
SF:src\components\ButtonContainer.svelte
FN:8,(anonymous_26)
FNF:1
FNH:1
FNDA:1,(anonymous_26)
DA:2,1
DA:3,1
DA:5,4
DA:8,4
DA:18,4
DA:19,0
DA:21,4
DA:22,0
DA:24,0
LF:9
LH:6
BRDA:19,0,0,0
BRDA:19,0,1,0
BRDA:22,1,0,0
BRDA:22,1,1,0
BRDA:18,2,0,4
BRDA:18,2,1,2
BRDA:18,2,2,2
BRDA:21,3,0,4
BRDA:21,3,1,2
BRDA:21,3,2,2
BRDA:21,3,3,1
BRDA:18,4,0,0
BRDA:18,4,1,0
BRDA:21,5,0,0
BRDA:21,5,1,0
BRDA:21,5,2,0
BRDA:24,6,0,0
BRDA:24,6,1,0
BRF:18
BRH:7
end_of_record
TN:
SF:src\components\Display.svelte
FN:9,(anonymous_11)
FNF:1
FNH:1
FNDA:1,(anonymous_11)
DA:2,1
DA:3,1
DA:4,1
DA:6,2
DA:9,2
DA:41,2
DA:44,2
DA:48,2
LF:8
LH:8
BRDA:44,0,0,0
BRDA:44,0,1,0
BRDA:44,1,0,0
BRDA:44,1,1,0
BRDA:48,2,0,0
BRDA:48,2,1,0
BRDA:48,3,0,0
BRDA:48,3,1,0
BRF:8
BRH:0
end_of_record
TN:
SF:src\components\Form.svelte
FN:10,(anonymous_17)
FN:11,(anonymous_18)
FNF:2
FNH:2
FNDA:3,(anonymous_17)
FNDA:3,(anonymous_18)
DA:2,1
DA:3,1
DA:4,1
DA:5,1
DA:7,3
DA:10,3
DA:11,3
DA:15,0
DA:18,0
DA:24,1
DA:33,3
DA:34,6
DA:35,6
LF:13
LH:11
BRDA:23,0,0,2
BRDA:23,0,1,2
BRF:2
BRH:2
end_of_record
TN:
SF:src\components\Input.svelte
FNF:0
FNH:0
DA:2,8
DA:3,8
DA:4,8
DA:5,8
DA:6,8
DA:9,2
DA:11,1
DA:67,0
DA:69,10
LF:9
LH:8
BRDA:67,0,0,0
BRDA:67,0,1,0
BRDA:69,1,0,0
BRDA:69,1,1,2
BRDA:4,2,0,8
BRF:5
BRH:2
end_of_record
