TN:
SF:src\store.js
FNF:0
FNH:0
DA:3,2
LF:1
LH:1
BRF:0
BRH:0
end_of_record
TN:
SF:src\components\Button.svelte
FN:9,(anonymous_9)
FNF:1
FNH:1
FNDA:4,(anonymous_9)
DA:2,4
DA:3,4
DA:4,4
DA:6,1
DA:9,4
DA:82,0
DA:83,4
DA:84,4
DA:85,4
LF:9
LH:8
BRDA:82,0,0,0
BRDA:82,0,1,0
BRDA:85,1,0,0
BRDA:85,1,1,0
BRDA:83,2,0,0
BRDA:83,2,1,0
BRDA:4,3,0,0
BRF:7
BRH:0
end_of_record
TN:
SF:src\components\Display.svelte
FN:9,(anonymous_8)
FNF:1
FNH:1
FNDA:1,(anonymous_8)
DA:2,3
DA:3,3
DA:4,3
DA:6,1
DA:9,3
DA:59,3
DA:61,3
DA:65,3
LF:8
LH:8
BRDA:61,0,0,0
BRDA:61,0,1,0
BRDA:65,1,0,0
BRDA:65,1,1,0
BRDA:4,2,0,0
BRF:5
BRH:0
end_of_record
TN:
SF:src\components\Form.svelte
FNF:0
FNH:0
DA:2,1
DA:4,4
DA:8,1
DA:34,4
DA:35,4
DA:36,8
DA:37,8
LF:7
LH:7
BRDA:7,0,0,2
BRDA:7,0,1,2
BRF:2
BRH:2
end_of_record
TN:
SF:src\components\Input.svelte
FNF:0
FNH:0
DA:2,10
DA:3,10
DA:4,10
DA:5,10
DA:8,2
DA:10,1
DA:66,12
LF:7
LH:7
BRDA:66,0,0,0
BRDA:66,0,1,2
BRDA:4,1,0,10
BRF:3
BRH:2
end_of_record
